<?xml version="1.0" encoding="UTF-8"?>
<testng-results skipped="0" failed="0" total="0" passed="0">
  <reporter-output>
  </reporter-output>
  <suite name="com.Cucumberframework.AppTest" duration-ms="3" started-at="2018-09-22T07:02:33Z" finished-at="2018-09-22T07:02:33Z">
    <groups>
    </groups>
    <test name="Command line test" duration-ms="3" started-at="2018-09-22T07:02:33Z" finished-at="2018-09-22T07:02:33Z">
    </test> <!-- Command line test -->
  </suite> <!-- com.Cucumberframework.AppTest -->
</testng-results>
